# JRE version: Java(TM) SE Runtime Environment (17.0.8+9) (build 17.0.8+9-LTS-211)
# Java VM: Java HotSpot(TM) 64-Bit Server VM (17.0.8+9-LTS-211, mixed mode, sharing, tiered, compressed oops, compressed class ptrs, g1 gc, windows-amd64)
GC Precious Log:
 CPUs: 8 total, 8 available
 Memory: 16239M
 Large Page Support: Disabled
 NUMA Support: Disabled
 Compressed Oops: Enabled (Zero based)
 Heap Region Size: 2M
 Heap Min Capacity: 8M
 Heap Initial Capacity: 254M
 Heap Max Capacity: 4060M
 Pre-touch: Disabled
 Parallel Workers: 8
 Concurrent Workers: 2
 Concurrent Refinement Workers: 8
 Periodic GC: Disabled
Heap:
 garbage-first heap   total 90112K, used 42075K [0x0000000702400000, 0x0000000800000000)
  region size 2048K, 8 young (16384K), 2 survivors (4096K)
 Metaspace       used 52384K, committed 52864K, reserved 1114112K
  class space    used 6818K, committed 7040K, reserved 1048576K
GC Heap History (20 events):
Event: 3.988 GC heap before
{Heap before GC invocations=1 (full 0):
 garbage-first heap   total 260096K, used 28030K [0x0000000702400000, 0x0000000800000000)
  region size 2048K, 12 young (24576K), 2 survivors (4096K)
 Metaspace       used 9503K, committed 9728K, reserved 1114112K
  class space    used 1189K, committed 1280K, reserved 1048576K
}
Event: 3.998 GC heap after
{Heap after GC invocations=2 (full 0):
 garbage-first heap   total 260096K, used 9279K [0x0000000702400000, 0x0000000800000000)
  region size 2048K, 1 young (2048K), 1 survivors (2048K)
 Metaspace       used 9503K, committed 9728K, reserved 1114112K
  class space    used 1189K, committed 1280K, reserved 1048576K
}
Event: 5.795 GC heap before
{Heap before GC invocations=2 (full 0):
 garbage-first heap   total 260096K, used 68671K [0x0000000702400000, 0x0000000800000000)
  region size 2048K, 30 young (61440K), 1 survivors (2048K)
 Metaspace       used 19575K, committed 19840K, reserved 1114112K
  class space    used 2469K, committed 2624K, reserved 1048576K
}
Event: 5.806 GC heap after
{Heap after GC invocations=3 (full 0):
 garbage-first heap   total 260096K, used 13536K [0x0000000702400000, 0x0000000800000000)
  region size 2048K, 3 young (6144K), 3 survivors (6144K)
 Metaspace       used 19575K, committed 19840K, reserved 1114112K
  class space    used 2469K, committed 2624K, reserved 1048576K
}
Event: 6.076 GC heap before
{Heap before GC invocations=3 (full 0):
 garbage-first heap   total 260096K, used 19680K [0x0000000702400000, 0x0000000800000000)
  region size 2048K, 7 young (14336K), 3 survivors (6144K)
 Metaspace       used 21323K, committed 21504K, reserved 1114112K
  class space    used 2647K, committed 2752K, reserved 1048576K
}
Event: 6.085 GC heap after
{Heap after GC invocations=4 (full 0):
 garbage-first heap   total 260096K, used 15028K [0x0000000702400000, 0x0000000800000000)
  region size 2048K, 4 young (8192K), 4 survivors (8192K)
 Metaspace       used 21323K, committed 21504K, reserved 1114112K
  class space    used 2647K, committed 2752K, reserved 1048576K
}
Event: 7.625 GC heap before
{Heap before GC invocations=5 (full 0):
 garbage-first heap   total 61440K, used 41652K [0x0000000702400000, 0x0000000800000000)
  region size 2048K, 18 young (36864K), 4 survivors (8192K)
 Metaspace       used 25444K, committed 25856K, reserved 1114112K
  class space    used 3232K, committed 3456K, reserved 1048576K
}
Event: 7.643 GC heap after
{Heap after GC invocations=6 (full 0):
 garbage-first heap   total 61440K, used 16807K [0x0000000702400000, 0x0000000800000000)
  region size 2048K, 2 young (4096K), 2 survivors (4096K)
 Metaspace       used 25444K, committed 25856K, reserved 1114112K
  class space    used 3232K, committed 3456K, reserved 1048576K
}
Event: 7.841 GC heap before
{Heap before GC invocations=6 (full 0):
 garbage-first heap   total 61440K, used 16807K [0x0000000702400000, 0x0000000800000000)
  region size 2048K, 3 young (6144K), 2 survivors (4096K)
 Metaspace       used 25924K, committed 26304K, reserved 1114112K
  class space    used 3287K, committed 3456K, reserved 1048576K
}
Event: 7.855 GC heap after
{Heap after GC invocations=7 (full 0):
 garbage-first heap   total 61440K, used 17213K [0x0000000702400000, 0x0000000800000000)
  region size 2048K, 1 young (2048K), 1 survivors (2048K)
 Metaspace       used 25924K, committed 26304K, reserved 1114112K
  class space    used 3287K, committed 3456K, reserved 1048576K
}
Event: 9.186 GC heap before
{Heap before GC invocations=7 (full 0):
 garbage-first heap   total 61440K, used 37693K [0x0000000702400000, 0x0000000800000000)
  region size 2048K, 12 young (24576K), 1 survivors (2048K)
 Metaspace       used 30131K, committed 30528K, reserved 1114112K
  class space    used 3831K, committed 4032K, reserved 1048576K
}
Event: 9.200 GC heap after
{Heap after GC invocations=8 (full 0):
 garbage-first heap   total 61440K, used 18676K [0x0000000702400000, 0x0000000800000000)
  region size 2048K, 2 young (4096K), 2 survivors (4096K)
 Metaspace       used 30131K, committed 30528K, reserved 1114112K
  class space    used 3831K, committed 4032K, reserved 1048576K
}
Event: 10.508 GC heap before
{Heap before GC invocations=8 (full 0):
 garbage-first heap   total 61440K, used 41204K [0x0000000702400000, 0x0000000800000000)
  region size 2048K, 13 young (26624K), 2 survivors (4096K)
 Metaspace       used 33496K, committed 33920K, reserved 1114112K
  class space    used 4371K, committed 4608K, reserved 1048576K
}
Event: 10.517 GC heap after
{Heap after GC invocations=9 (full 0):
 garbage-first heap   total 161792K, used 20725K [0x0000000702400000, 0x0000000800000000)
  region size 2048K, 2 young (4096K), 2 survivors (4096K)
 Metaspace       used 33496K, committed 33920K, reserved 1114112K
  class space    used 4371K, committed 4608K, reserved 1048576K
}
Event: 11.184 GC heap before
{Heap before GC invocations=9 (full 0):
 garbage-first heap   total 161792K, used 30965K [0x0000000702400000, 0x0000000800000000)
  region size 2048K, 8 young (16384K), 2 survivors (4096K)
 Metaspace       used 35696K, committed 36096K, reserved 1114112K
  class space    used 4664K, committed 4864K, reserved 1048576K
}
Event: 11.193 GC heap after
{Heap after GC invocations=10 (full 0):
 garbage-first heap   total 161792K, used 21736K [0x0000000702400000, 0x0000000800000000)
  region size 2048K, 3 young (6144K), 3 survivors (6144K)
 Metaspace       used 35696K, committed 36096K, reserved 1114112K
  class space    used 4664K, committed 4864K, reserved 1048576K
}
Event: 17.533 GC heap before
{Heap before GC invocations=11 (full 0):
 garbage-first heap   total 90112K, used 68840K [0x0000000702400000, 0x0000000800000000)
  region size 2048K, 26 young (53248K), 3 survivors (6144K)
 Metaspace       used 44797K, committed 45248K, reserved 1114112K
  class space    used 5799K, committed 6016K, reserved 1048576K
}
Event: 17.562 GC heap after
{Heap after GC invocations=12 (full 0):
 garbage-first heap   total 90112K, used 26497K [0x0000000702400000, 0x0000000800000000)
  region size 2048K, 4 young (8192K), 4 survivors (8192K)
 Metaspace       used 44797K, committed 45248K, reserved 1114112K
  class space    used 5799K, committed 6016K, reserved 1048576K
}
Event: 20.011 GC heap before
{Heap before GC invocations=12 (full 0):
 garbage-first heap   total 90112K, used 65409K [0x0000000702400000, 0x0000000800000000)
  region size 2048K, 22 young (45056K), 4 survivors (8192K)
 Metaspace       used 50640K, committed 51072K, reserved 1114112K
  class space    used 6599K, committed 6784K, reserved 1048576K
}
Event: 20.026 GC heap after
{Heap after GC invocations=13 (full 0):
 garbage-first heap   total 90112K, used 31835K [0x0000000702400000, 0x0000000800000000)
  region size 2048K, 2 young (4096K), 2 survivors (4096K)
 Metaspace       used 50640K, committed 51072K, reserved 1114112K
  class space    used 6599K, committed 6784K, reserved 1048576K
}

